
2014/11/23 08:08:11,T14-VM02-Ubuntu32,225,50,3,2,3,342533,250016,0,250016,0,0,0,0,164
2014/11/23 08:48:38,T14-VM02-Ubuntu32,254,57,0,0,0,13981,43488,667204,27965,0,0,0,0,2584
2014/11/23 08:48:41,T14-VM01-Ubuntu32,926,204,3,0,3,217170,948228,2679144,826718,0,0,0,0,2587
2014/11/23 08:48:43,T14-VM05-Ubuntu32,182,40,0,0,0,17473,221232,0,214208,0,0,0,0,2608
2014/12/04 05:53:39,T14-VM02-Ubuntu32,1181,277,0,0,0,171716,628725,2679144,461810,0,0,0,0,1092
2014/12/04 05:53:50,T14-VM02-Ubuntu32,1181,277,0,0,0,171716,628725,2679144,461810,0,0,0,0,1092
2014/12/04 05:54:13,T14-VM02-Ubuntu32,1300,305,0,0,0,161616,628777,2679144,462206,0,0,0,0,1112
2014/12/06 07:27:29,T14-VM01-Ubuntu32,3209,721,173,76,227,333332,714021,2679144,572312,0,0,0,0,4288
2014/12/06 07:27:41,T14-VM01-Ubuntu32,3392,768,186,67,260,333332,714802,2679144,573162,0,0,0,0,4308
2014/12/06 07:27:53,T14-VM01-Ubuntu32,3392,768,186,67,260,333332,714802,2679144,573162,0,0,0,0,4308
2014/12/06 07:28:04,T14-VM01-Ubuntu32,3219,730,83,71,252,333332,715798,2679144,573986,0,0,0,0,4328
2014/12/06 07:28:16,T14-VM01-Ubuntu32,3219,730,83,71,252,333332,715798,2679144,573986,0,0,0,0,4328
2014/12/06 07:28:27,T14-VM01-Ubuntu32,4191,962,35,44,133,333332,716900,2679144,574840,0,0,0,0,4348
2014/12/06 07:28:38,T14-VM01-Ubuntu32,4191,962,35,44,133,333332,716900,2679144,574840,0,0,0,0,4348
2014/12/06 07:28:49,T14-VM01-Ubuntu32,3471,793,61,79,228,333332,717673,2679144,575396,0,0,0,0,4368
2014/12/06 07:29:01,T14-VM01-Ubuntu32,3955,909,80,66,233,353534,718534,2679144,576142,0,0,0,0,4388
2014/12/06 07:29:12,T14-VM01-Ubuntu32,3955,909,80,66,233,353534,718534,2679144,576142,0,0,0,0,4388
2014/12/06 07:29:24,T14-VM01-Ubuntu32,2636,602,85,81,204,373737,719329,2679144,576933,0,0,0,0,4408
2014/12/06 07:29:35,T14-VM01-Ubuntu32,2636,602,85,81,204,373737,719329,2679144,576933,0,0,0,0,4408
2014/12/06 07:29:46,T14-VM01-Ubuntu32,2852,653,39,47,50,393940,720642,2679144,578138,0,0,0,0,4428
2014/12/06 07:29:57,T14-VM01-Ubuntu32,2852,653,39,47,50,393940,720642,2679144,578138,0,0,0,0,4428
2014/12/06 07:30:09,T14-VM01-Ubuntu32,1998,452,76,54,46,393940,721973,2679144,578930,0,0,0,0,4448
2014/12/06 07:30:20,T14-VM01-Ubuntu32,2334,529,103,57,72,393940,723364,2679144,579689,0,0,0,0,4468
2014/12/06 07:30:31,T14-VM01-Ubuntu32,2334,529,103,57,72,393940,723364,2679144,579689,0,0,0,0,4468
2014/12/06 07:30:42,T14-VM01-Ubuntu32,2310,515,106,68,306,393940,724153,2679144,580010,0,0,0,0,4488
2014/12/06 07:30:53,T14-VM01-Ubuntu32,2310,515,106,68,306,393940,724153,2679144,580010,0,0,0,0,4488
2014/12/06 07:31:04,T14-VM01-Ubuntu32,2798,626,43,69,287,393940,724828,2679144,580604,0,0,0,0,4508
2014/12/06 07:31:17,T14-VM01-Ubuntu32,2798,626,43,69,287,393940,724828,2679144,580604,0,0,0,0,4508
2014/12/06 07:31:29,T14-VM01-Ubuntu32,2834,635,11,61,384,393940,725372,2679144,581144,0,0,0,0,4528
2014/12/06 07:31:40,T14-VM01-Ubuntu32,3140,717,7,42,199,393940,726756,2679144,583001,0,0,0,0,4548
2014/12/06 07:31:51,T14-VM01-Ubuntu32,3140,717,7,42,199,393940,726756,2679144,583001,0,0,0,0,4548
2014/12/06 07:32:03,T14-VM01-Ubuntu32,3296,758,12,49,204,393940,731009,2679144,587424,0,0,0,0,4568
2014/12/06 07:32:14,T14-VM01-Ubuntu32,3296,758,12,49,204,393940,731009,2679144,587424,0,0,0,0,4568
2014/12/06 07:32:25,T14-VM01-Ubuntu32,3885,900,14,40,93,393940,737492,2679144,595200,0,0,0,0,4588
2014/12/06 07:32:38,T14-VM01-Ubuntu32,3885,900,14,40,93,393940,737492,2679144,595200,0,0,0,0,4588
2014/12/06 07:32:50,T14-VM01-Ubuntu32,2899,668,15,1132,152,393940,743212,2679144,601541,0,0,0,0,4608
2014/12/06 07:33:01,T14-VM01-Ubuntu32,2248,512,87,1126,156,393940,746701,2679144,605368,0,0,0,0,4628
2014/12/06 07:33:12,T14-VM01-Ubuntu32,2248,512,87,1126,156,393940,746701,2679144,605368,0,0,0,0,4628
2014/12/06 07:33:23,T14-VM01-Ubuntu32,1238,273,87,1132,145,393940,748244,2679144,605798,0,0,0,0,4648
2014/12/06 07:33:34,T14-VM01-Ubuntu32,1238,273,87,1132,145,393940,748244,2679144,605798,0,0,0,0,4648
2014/12/06 07:33:45,T14-VM01-Ubuntu32,1569,350,92,47,43,393940,750365,2679144,606796,0,0,0,0,4668
2014/12/06 07:34:08,T14-VM01-Ubuntu32,1903,417,10,35,29,393940,752616,2679144,608876,0,0,0,0,4688
2014/12/06 07:34:20,T14-VM01-Ubuntu32,2524,551,183,42,174,388889,754630,2679144,610966,0,0,0,0,4708
2014/12/06 07:34:30,T14-VM01-Ubuntu32,2524,551,183,42,174,388889,754630,2679144,610966,0,0,0,0,4708
2014/12/06 07:34:42,T14-VM01-Ubuntu32,3169,705,182,34,189,383838,757784,2679144,614662,0,0,0,0,4728
2014/12/06 07:34:53,T14-VM01-Ubuntu32,3169,705,182,34,189,383838,757784,2679144,614662,0,0,0,0,4728
2014/12/06 07:35:04,T14-VM01-Ubuntu32,2222,490,302,300,1156,378788,760000,2679144,616986,0,0,0,0,4748
2014/12/06 07:35:14,T14-VM01-Ubuntu32,2222,490,302,300,1156,378788,760000,2679144,616986,0,0,0,0,4748
2014/12/06 07:35:26,T14-VM01-Ubuntu32,1677,374,166,293,1099,378788,762364,2679144,618976,0,0,0,0,4768
2014/12/06 07:35:38,T14-VM01-Ubuntu32,1677,374,166,293,1099,378788,762364,2679144,618976,0,0,0,0,4768
2014/12/06 07:35:48,T14-VM01-Ubuntu32,1746,391,163,291,1108,378788,764614,2679144,620470,0,0,0,0,4788
2014/12/06 07:35:59,T14-VM01-Ubuntu32,1746,391,163,291,1108,378788,764614,2679144,620470,0,0,0,0,4788
2014/12/06 07:36:09,T14-VM01-Ubuntu32,2343,531,60,34,174,378788,767118,2679144,621804,0,0,0,0,4808
2014/12/06 07:36:21,T14-VM01-Ubuntu32,2694,615,20,26,138,378788,770410,2679144,624330,0,0,0,0,4828
2014/12/06 07:36:33,T14-VM01-Ubuntu32,2694,615,20,26,138,378788,770410,2679144,624330,0,0,0,0,4828
2014/12/06 07:36:45,T14-VM01-Ubuntu32,2685,612,19,31,142,378788,772652,2679144,625933,0,0,0,0,4848
2014/12/06 07:36:57,T14-VM01-Ubuntu32,2685,612,19,31,142,378788,772652,2679144,625933,0,0,0,0,4848
2014/12/06 07:37:08,T14-VM01-Ubuntu32,3689,837,3,27,132,378788,774802,2679144,627746,0,0,0,0,4868
2014/12/06 07:37:19,T14-VM01-Ubuntu32,3689,837,3,27,132,378788,774802,2679144,627746,0,0,0,0,4868
2014/12/06 07:37:31,T14-VM01-Ubuntu32,4596,1045,25,32,90,378788,776548,2679144,631002,0,0,0,0,4888
2014/12/06 07:37:42,T14-VM01-Ubuntu32,4698,1068,38,31,91,378788,778612,2679144,634569,0,0,0,0,4908
2014/12/06 07:37:55,T14-VM01-Ubuntu32,4698,1068,38,31,91,378788,778612,2679144,634569,0,0,0,0,4908
2014/12/06 07:38:05,T14-VM01-Ubuntu32,4293,978,40,28,89,378788,780890,2679144,638842,0,0,0,0,4928
2014/12/06 07:38:15,T14-VM01-Ubuntu32,4293,978,40,28,89,378788,780890,2679144,638842,0,0,0,0,4928
2014/12/06 07:38:27,T14-VM01-Ubuntu32,3538,804,20,20,91,378788,783828,2679144,641909,0,0,0,0,4948
2014/12/06 07:38:37,T14-VM01-Ubuntu32,3538,804,20,20,91,378788,783828,2679144,641909,0,0,0,0,4948
2014/12/06 07:38:48,T14-VM01-Ubuntu32,2952,665,6,21,62,368686,786714,2679144,644758,0,0,0,0,4968
2014/12/06 07:39:01,T14-VM01-Ubuntu32,2936,668,15,17,39,358585,789249,2679144,646841,0,0,0,0,4988
2014/12/06 07:39:12,T14-VM01-Ubuntu32,2936,668,15,17,39,358585,789249,2679144,646841,0,0,0,0,4988
2014/12/06 07:39:23,T14-VM01-Ubuntu32,2900,659,18,15,25,348484,790384,2679144,648084,0,0,0,0,5008
2014/12/06 07:39:34,T14-VM01-Ubuntu32,2900,659,18,15,25,348484,790384,2679144,648084,0,0,0,0,5008
2014/12/06 07:39:45,T14-VM01-Ubuntu32,3166,725,159,14,159,348484,790606,2679144,648485,0,0,0,0,5028
2014/12/06 07:39:57,T14-VM01-Ubuntu32,3166,725,159,14,159,348484,790606,2679144,648485,0,0,0,0,5028
2014/12/06 07:40:08,T14-VM01-Ubuntu32,2700,619,147,11,147,363636,790618,2679144,648729,0,0,0,0,5048
2014/12/06 07:40:19,T14-VM01-Ubuntu32,2657,608,1727,8,1727,378788,790629,2679144,648404,0,0,0,0,5068
2014/12/06 07:40:30,T14-VM01-Ubuntu32,2657,608,1727,8,1727,378788,790629,2679144,648404,0,0,0,0,5068
2014/12/06 07:40:41,T14-VM01-Ubuntu32,2648,605,1906,9,1906,393940,790680,2679144,648154,0,0,0,0,5088
2014/12/06 07:40:52,T14-VM01-Ubuntu32,2648,605,1906,9,1906,393940,790680,2679144,648154,0,0,0,0,5088
2014/12/06 07:41:03,T14-VM01-Ubuntu32,2394,544,2034,13,2034,393940,790878,2679144,647970,0,0,0,0,5108
2014/12/06 07:41:14,T14-VM01-Ubuntu32,2394,544,2034,13,2034,393940,790878,2679144,647970,0,0,0,0,5108
2014/12/06 07:41:25,T14-VM01-Ubuntu32,2286,520,453,201,454,383838,792025,2679144,648593,0,0,0,0,5128
2014/12/06 07:41:36,T14-VM01-Ubuntu32,2286,520,453,201,454,383838,792025,2679144,648593,0,0,0,0,5128
2014/12/06 07:41:47,T14-VM01-Ubuntu32,2276,518,138,192,138,373737,793126,2679144,649144,0,0,0,0,5148
2014/12/06 07:42:00,T14-VM01-Ubuntu32,2611,594,13,196,13,363636,794078,2679144,649968,0,0,0,0,5168
2014/12/06 07:42:11,T14-VM01-Ubuntu32,2611,594,13,196,13,363636,794078,2679144,649968,0,0,0,0,5168
2014/12/06 07:42:22,T14-VM01-Ubuntu32,3387,775,15,13,19,373737,794097,2679144,649762,0,0,0,0,5188
2014/12/06 07:42:33,T14-VM01-Ubuntu32,3387,775,15,13,19,373737,794097,2679144,649762,0,0,0,0,5188
2014/12/06 07:42:46,T14-VM01-Ubuntu32,3335,764,393,13,396,383838,794113,2679144,649601,0,0,0,0,5208
2014/12/06 07:42:57,T14-VM01-Ubuntu32,3335,764,393,13,396,383838,794113,2679144,649601,0,0,0,0,5208
2014/12/06 07:43:08,T14-VM01-Ubuntu32,3043,699,390,20,393,393940,794241,2679144,649242,0,0,0,0,5228
2014/12/06 07:43:20,T14-VM01-Ubuntu32,2267,518,387,14,387,368686,794354,2679144,649217,0,0,0,0,5248
2014/12/06 07:43:30,T14-VM01-Ubuntu32,2267,518,387,14,387,368686,794354,2679144,649217,0,0,0,0,5248
2014/12/06 07:43:41,T14-VM01-Ubuntu32,2242,512,7,14,7,343433,794469,2679144,649040,0,0,0,0,5268
2014/12/06 07:43:53,T14-VM01-Ubuntu32,2242,512,7,14,7,343433,794469,2679144,649040,0,0,0,0,5268
2014/12/06 07:44:03,T14-VM01-Ubuntu32,2304,525,496,0,496,318180,794472,2679144,648553,0,0,0,0,5288
2014/12/06 07:44:14,T14-VM01-Ubuntu32,2304,525,496,0,496,318180,794472,2679144,648553,0,0,0,0,5288
2014/12/06 07:44:25,T14-VM01-Ubuntu32,2342,532,494,0,494,303029,794474,2679144,647622,0,0,0,0,5308
2014/12/06 07:44:36,T14-VM01-Ubuntu32,2342,532,494,0,494,303029,794474,2679144,647622,0,0,0,0,5308
2014/12/06 07:44:47,T14-VM01-Ubuntu32,2420,551,493,0,493,287878,794476,2679144,646772,0,0,0,0,5328
2014/12/06 07:44:58,T14-VM01-Ubuntu32,2420,551,493,0,493,287878,794476,2679144,646772,0,0,0,0,5328
2014/12/06 07:45:09,T14-VM01-Ubuntu32,2620,600,13,52,12,272728,794478,2679144,646065,0,0,0,0,5348
2014/12/06 07:45:20,T14-VM01-Ubuntu32,2762,633,13,56,12,272728,795361,2679144,646550,0,0,0,0,5368
2014/12/06 07:45:31,T14-VM01-Ubuntu32,2762,633,13,56,12,272728,795361,2679144,646550,0,0,0,0,5368
2014/12/06 07:45:42,T14-VM01-Ubuntu32,2573,588,63,676,271,282829,796248,2679144,647204,0,0,0,0,5388
2014/12/06 07:45:52,T14-VM01-Ubuntu32,2573,588,63,676,271,282829,796248,2679144,647204,0,0,0,0,5388
2014/12/06 07:46:03,T14-VM01-Ubuntu32,2779,637,117,624,326,292930,797134,2679144,648162,0,0,0,0,5408
2014/12/06 07:46:13,T14-VM01-Ubuntu32,2779,637,117,624,326,292930,797134,2679144,648162,0,0,0,0,5408
2014/12/06 07:46:24,T14-VM01-Ubuntu32,2733,627,124,619,334,303032,797141,2679144,648490,0,0,0,0,5428
2014/12/06 07:46:35,T14-VM01-Ubuntu32,2733,627,124,619,334,303032,797141,2679144,648490,0,0,0,0,5428
2014/12/06 07:46:46,T14-VM01-Ubuntu32,2902,666,300,0,300,297981,797144,2679144,648696,0,0,0,0,5448
2014/12/06 07:46:57,T14-VM01-Ubuntu32,2902,666,300,0,300,297981,797144,2679144,648696,0,0,0,0,5448
2014/12/06 07:47:08,T14-VM01-Ubuntu32,2440,556,243,0,243,292930,797144,2679144,648498,0,0,0,0,5468
2014/12/06 07:47:18,T14-VM01-Ubuntu32,2440,556,243,0,243,292930,797144,2679144,648498,0,0,0,0,5468
2014/12/06 07:47:29,T14-VM01-Ubuntu32,2364,537,238,0,238,287880,797144,2679144,648241,0,0,0,0,5488
2014/12/06 07:47:40,T14-VM01-Ubuntu32,2500,570,15,0,15,277778,797144,2679144,647918,0,0,0,0,5508
2014/12/06 07:47:51,T14-VM01-Ubuntu32,2500,570,15,0,15,277778,797144,2679144,647918,0,0,0,0,5508
2014/12/06 07:48:02,T14-VM01-Ubuntu32,2744,628,11,0,11,267677,797145,2679144,647393,0,0,0,0,5528
2014/12/06 07:48:12,T14-VM01-Ubuntu32,2744,628,11,0,11,267677,797145,2679144,647393,0,0,0,0,5528
2014/12/06 07:48:23,T14-VM01-Ubuntu32,2757,631,16,0,16,257576,797146,2679144,646997,0,0,0,0,5548
2014/12/06 07:48:34,T14-VM01-Ubuntu32,2757,631,16,0,16,257576,797146,2679144,646997,0,0,0,0,5548
2014/12/06 07:48:45,T14-VM01-Ubuntu32,4071,945,14,4,14,247474,797156,2679144,646700,0,0,0,0,5568
2014/12/06 07:48:56,T14-VM01-Ubuntu32,4071,945,14,4,14,247474,797156,2679144,646700,0,0,0,0,5568
2014/12/06 07:49:07,T14-VM01-Ubuntu32,3994,928,15,8,15,237373,798449,2679144,647962,0,0,0,0,5588
2014/12/06 07:49:18,T14-VM01-Ubuntu32,3994,928,15,8,15,237373,798449,2679144,647962,0,0,0,0,5588
2014/12/06 07:49:30,T14-VM01-Ubuntu32,4405,1027,8,15,12,227272,802773,2679144,653937,65,64,0,0,5608
2014/12/06 07:49:41,T14-VM01-Ubuntu32,3132,725,19,18,21,227272,810709,2679144,663442,73,71,2,0,5628
2014/12/06 07:49:53,T14-VM01-Ubuntu32,3132,725,19,18,21,227272,810709,2679144,663442,73,71,2,0,5628
2014/12/06 07:50:04,T14-VM01-Ubuntu32,3235,748,24,21,36,227272,817833,2679144,672786,77,73,3,0,5648
2014/12/06 07:50:16,T14-VM01-Ubuntu32,3235,748,24,21,36,227272,817833,2679144,672786,77,73,3,0,5648
2014/12/06 07:50:28,T14-VM01-Ubuntu32,2721,624,23,33,32,227272,821949,2679144,677312,15,10,4,0,5668
2014/12/06 07:50:40,T14-VM01-Ubuntu32,2710,622,64,66,74,237373,822596,2679144,678257,9,5,3,0,5688
2014/12/06 07:50:52,T14-VM01-Ubuntu32,2710,622,64,66,74,237373,822596,2679144,678257,9,5,3,0,5688
2014/12/06 07:51:02,T14-VM01-Ubuntu32,3094,716,58,62,64,247474,823148,2679144,678394,9,5,3,0,5708
2014/12/06 07:51:16,T14-VM01-Ubuntu32,3094,716,58,62,64,247474,823148,2679144,678394,9,5,3,0,5708
2014/12/06 07:51:27,T14-VM01-Ubuntu32,3622,844,56,47,75,257576,826740,2679144,682062,10,6,4,0,5728
2014/12/06 07:51:38,T14-VM01-Ubuntu32,3622,844,56,47,75,257576,826740,2679144,682062,10,6,4,0,5728
2014/12/06 07:51:49,T14-VM01-Ubuntu32,3633,847,4,9,26,257576,832489,2679144,688081,11,7,4,0,5748
2014/12/06 07:52:00,T14-VM01-Ubuntu32,3494,817,4,8,21,257576,840045,2679144,696760,11,6,4,0,5768
2014/12/06 07:52:11,T14-VM01-Ubuntu32,3494,817,4,8,21,257576,840045,2679144,696760,11,6,4,0,5768
2014/12/06 07:52:22,T14-VM01-Ubuntu32,3565,834,12,9,15,257576,846244,2679144,704632,11,6,4,0,5788
2014/12/06 07:52:33,T14-VM01-Ubuntu32,3565,834,12,9,15,257576,846244,2679144,704632,11,6,4,0,5788
2014/12/06 07:52:42,T14-VM01-Ubuntu32,4077,951,12,8,12,257576,852416,2679144,714885,11,6,4,0,5808
2014/12/06 07:52:52,T14-VM01-Ubuntu32,4077,951,12,8,12,257576,852416,2679144,714885,11,6,4,0,5808
2014/12/06 07:53:02,T14-VM01-Ubuntu32,4901,1150,29,7,12,257576,857534,2679144,724393,11,6,4,0,5828
2014/12/06 07:53:12,T14-VM01-Ubuntu32,4901,1150,29,7,12,257576,857534,2679144,724393,11,6,4,0,5828
2014/12/06 07:53:22,T14-VM01-Ubuntu32,5642,1330,25,5,9,272728,862598,2679144,734088,11,6,4,0,5848
2014/12/06 07:53:32,T14-VM01-Ubuntu32,5642,1330,25,5,9,272728,862598,2679144,734088,11,6,4,0,5848
2014/12/06 07:53:41,T14-VM01-Ubuntu32,6422,1525,28,5,11,287880,863256,2679144,738961,11,6,4,0,5868
2014/12/06 07:53:51,T14-VM01-Ubuntu32,6422,1525,28,5,11,287880,863256,2679144,738961,11,6,4,0,5868
2014/12/06 07:54:01,T14-VM01-Ubuntu32,6876,1635,20,5,11,313132,861345,2679144,736625,11,6,4,0,5888
2014/12/06 07:54:10,T14-VM01-Ubuntu32,6876,1635,20,5,11,313132,861345,2679144,736625,11,6,4,0,5888
2014/12/06 07:54:20,T14-VM01-Ubuntu32,7094,1690,19,5,9,323232,850826,2679144,722620,11,6,4,0,5908
2014/12/06 07:54:30,T14-VM01-Ubuntu32,7094,1690,19,5,9,323232,850826,2679144,722620,11,6,4,0,5908
2014/12/06 07:54:40,T14-VM01-Ubuntu32,6899,1644,17,4,6,333332,843037,2679144,709192,11,6,4,0,5928
2014/12/06 07:54:50,T14-VM01-Ubuntu32,6899,1644,17,4,6,333332,843037,2679144,709192,11,6,4,0,5928
2014/12/06 07:55:00,T14-VM01-Ubuntu32,4416,1052,6,2,4,222221,557587,1786095,467098,7,4,2,0,3958
2014/12/06 07:55:09,T14-VM01-Ubuntu32,6578,1568,8,4,7,343433,837546,2679144,702833,11,6,4,0,5948
2014/12/06 07:55:19,T14-VM01-Ubuntu32,6578,1568,8,4,7,343433,837546,2679144,702833,11,6,4,0,5948
2014/12/06 07:55:29,T14-VM01-Ubuntu32,5909,1408,11,5,19,358585,839608,2679144,706029,11,6,4,0,5968
2014/12/06 07:55:38,T14-VM01-Ubuntu32,5909,1408,11,5,19,358585,839608,2679144,706029,11,6,4,0,5968
2014/12/06 07:55:48,T14-VM01-Ubuntu32,5075,1208,17,4,20,373737,841881,2679144,710009,11,6,4,0,5988
2014/12/06 07:55:58,T14-VM01-Ubuntu32,5075,1208,17,4,20,373737,841881,2679144,710009,11,6,4,0,5988
2014/12/06 07:56:07,T14-VM01-Ubuntu32,4391,1045,20,4,24,378788,838324,2679144,708630,12,7,4,0,6008
2014/12/06 07:56:17,T14-VM01-Ubuntu32,4391,1045,20,4,24,378788,838324,2679144,708630,12,7,4,0,6008
2014/12/06 07:56:27,T14-VM01-Ubuntu32,3786,900,17,3,12,378788,834056,2679144,706402,12,7,4,0,6028
2014/12/06 07:56:36,T14-VM01-Ubuntu32,3786,900,17,3,12,378788,834056,2679144,706402,12,7,4,0,6028
2014/12/06 07:56:46,T14-VM01-Ubuntu32,3533,840,10,3,12,378788,828865,2679144,702628,12,7,4,0,6048
2014/12/06 07:56:55,T14-VM01-Ubuntu32,3533,840,10,3,12,378788,828865,2679144,702628,12,7,4,0,6048
2014/12/06 07:57:05,T14-VM01-Ubuntu32,3020,717,7,5,7,378788,828816,2679144,702440,12,7,4,0,6068
2014/12/06 07:57:14,T14-VM01-Ubuntu32,3020,717,7,5,7,378788,828816,2679144,702440,12,7,4,0,6068
2014/12/06 07:57:24,T14-VM01-Ubuntu32,3084,732,8,5,9,378788,829816,2679144,703313,13,8,5,0,6088
2014/12/06 07:57:33,T14-VM01-Ubuntu32,3084,732,8,5,9,378788,829816,2679144,703313,13,8,5,0,6088